node:internal/modules/cjs/loader:1093
  throw err;
  ^

Error: Cannot find module 'express'
Require stack:
- /home/nontonst/public_html/assets/otakudesu-api/app.js
- /usr/local/lsws/fcgi-bin/lsnode.js
    at Module._resolveFilename (node:internal/modules/cjs/loader:1090:15)
    at Module._load (node:internal/modules/cjs/loader:934:27)
    at Module.require (node:internal/modules/cjs/loader:1157:19)
    at require (node:internal/modules/helpers:119:18)
    at Object.<anonymous> (/home/nontonst/public_html/assets/otakudesu-api/app.js:1:17)
    at Module._compile (node:internal/modules/cjs/loader:1275:14)
    at Module._extensions..js (node:internal/modules/cjs/loader:1329:10)
    at Module.load (node:internal/modules/cjs/loader:1133:32)
    at Module._load (node:internal/modules/cjs/loader:972:12)
    at Module.require (node:internal/modules/cjs/loader:1157:19) {
  code: 'MODULE_NOT_FOUND',
  requireStack: [
    '/home/nontonst/public_html/assets/otakudesu-api/app.js',
    '/usr/local/lsws/fcgi-bin/lsnode.js'
  ]
}

Node.js v19.9.0
node:internal/modules/cjs/loader:1093
  throw err;
  ^

Error: Cannot find module 'express'
Require stack:
- /home/nontonst/public_html/assets/otakudesu-api/app.js
- /usr/local/lsws/fcgi-bin/lsnode.js
    at Module._resolveFilename (node:internal/modules/cjs/loader:1090:15)
    at Module._load (node:internal/modules/cjs/loader:934:27)
    at Module.require (node:internal/modules/cjs/loader:1157:19)
    at require (node:internal/modules/helpers:119:18)
    at Object.<anonymous> (/home/nontonst/public_html/assets/otakudesu-api/app.js:1:17)
    at Module._compile (node:internal/modules/cjs/loader:1275:14)
    at Module._extensions..js (node:internal/modules/cjs/loader:1329:10)
    at Module.load (node:internal/modules/cjs/loader:1133:32)
    at Module._load (node:internal/modules/cjs/loader:972:12)
    at Module.require (node:internal/modules/cjs/loader:1157:19) {
  code: 'MODULE_NOT_FOUND',
  requireStack: [
    '/home/nontonst/public_html/assets/otakudesu-api/app.js',
    '/usr/local/lsws/fcgi-bin/lsnode.js'
  ]
}

Node.js v19.9.0
node:internal/modules/cjs/loader:1093
  throw err;
  ^

Error: Cannot find module 'express'
Require stack:
- /home/nontonst/public_html/assets/otakudesu-api/app.js
- /usr/local/lsws/fcgi-bin/lsnode.js
    at Module._resolveFilename (node:internal/modules/cjs/loader:1090:15)
    at Module._load (node:internal/modules/cjs/loader:934:27)
    at Module.require (node:internal/modules/cjs/loader:1157:19)
    at require (node:internal/modules/helpers:119:18)
    at Object.<anonymous> (/home/nontonst/public_html/assets/otakudesu-api/app.js:1:17)
    at Module._compile (node:internal/modules/cjs/loader:1275:14)
    at Module._extensions..js (node:internal/modules/cjs/loader:1329:10)
    at Module.load (node:internal/modules/cjs/loader:1133:32)
    at Module._load (node:internal/modules/cjs/loader:972:12)
    at Module.require (node:internal/modules/cjs/loader:1157:19) {
  code: 'MODULE_NOT_FOUND',
  requireStack: [
    '/home/nontonst/public_html/assets/otakudesu-api/app.js',
    '/usr/local/lsws/fcgi-bin/lsnode.js'
  ]
}

Node.js v19.9.0
node:internal/modules/cjs/loader:1093
  throw err;
  ^

Error: Cannot find module 'express'
Require stack:
- /home/nontonst/public_html/assets/otakudesu-api/app.js
- /usr/local/lsws/fcgi-bin/lsnode.js
    at Module._resolveFilename (node:internal/modules/cjs/loader:1090:15)
    at Module._load (node:internal/modules/cjs/loader:934:27)
    at Module.require (node:internal/modules/cjs/loader:1157:19)
    at require (node:internal/modules/helpers:119:18)
    at Object.<anonymous> (/home/nontonst/public_html/assets/otakudesu-api/app.js:1:17)
    at Module._compile (node:internal/modules/cjs/loader:1275:14)
    at Module._extensions..js (node:internal/modules/cjs/loader:1329:10)
    at Module.load (node:internal/modules/cjs/loader:1133:32)
    at Module._load (node:internal/modules/cjs/loader:972:12)
    at Module.require (node:internal/modules/cjs/loader:1157:19) {
  code: 'MODULE_NOT_FOUND',
  requireStack: [
    '/home/nontonst/public_html/assets/otakudesu-api/app.js',
    '/usr/local/lsws/fcgi-bin/lsnode.js'
  ]
}

Node.js v19.9.0
node:internal/modules/cjs/loader:1093
  throw err;
  ^

Error: Cannot find module 'express'
Require stack:
- /home/nontonst/public_html/assets/otakudesu-api/app.js
- /usr/local/lsws/fcgi-bin/lsnode.js
    at Module._resolveFilename (node:internal/modules/cjs/loader:1090:15)
    at Module._load (node:internal/modules/cjs/loader:934:27)
    at Module.require (node:internal/modules/cjs/loader:1157:19)
    at require (node:internal/modules/helpers:119:18)
    at Object.<anonymous> (/home/nontonst/public_html/assets/otakudesu-api/app.js:1:17)
    at Module._compile (node:internal/modules/cjs/loader:1275:14)
    at Module._extensions..js (node:internal/modules/cjs/loader:1329:10)
    at Module.load (node:internal/modules/cjs/loader:1133:32)
    at Module._load (node:internal/modules/cjs/loader:972:12)
    at Module.require (node:internal/modules/cjs/loader:1157:19) {
  code: 'MODULE_NOT_FOUND',
  requireStack: [
    '/home/nontonst/public_html/assets/otakudesu-api/app.js',
    '/usr/local/lsws/fcgi-bin/lsnode.js'
  ]
}

Node.js v19.9.0
node:internal/modules/cjs/loader:1093
  throw err;
  ^

Error: Cannot find module 'express'
Require stack:
- /home/nontonst/public_html/assets/otakudesu-api/app.js
- /usr/local/lsws/fcgi-bin/lsnode.js
    at Module._resolveFilename (node:internal/modules/cjs/loader:1090:15)
    at Module._load (node:internal/modules/cjs/loader:934:27)
    at Module.require (node:internal/modules/cjs/loader:1157:19)
    at require (node:internal/modules/helpers:119:18)
    at Object.<anonymous> (/home/nontonst/public_html/assets/otakudesu-api/app.js:1:17)
    at Module._compile (node:internal/modules/cjs/loader:1275:14)
    at Module._extensions..js (node:internal/modules/cjs/loader:1329:10)
    at Module.load (node:internal/modules/cjs/loader:1133:32)
    at Module._load (node:internal/modules/cjs/loader:972:12)
    at Module.require (node:internal/modules/cjs/loader:1157:19) {
  code: 'MODULE_NOT_FOUND',
  requireStack: [
    '/home/nontonst/public_html/assets/otakudesu-api/app.js',
    '/usr/local/lsws/fcgi-bin/lsnode.js'
  ]
}

Node.js v19.9.0
node:internal/modules/cjs/loader:1093
  throw err;
  ^

Error: Cannot find module 'express'
Require stack:
- /home/nontonst/public_html/assets/otakudesu-api/app.js
- /usr/local/lsws/fcgi-bin/lsnode.js
    at Module._resolveFilename (node:internal/modules/cjs/loader:1090:15)
    at Module._load (node:internal/modules/cjs/loader:934:27)
    at Module.require (node:internal/modules/cjs/loader:1157:19)
    at require (node:internal/modules/helpers:119:18)
    at Object.<anonymous> (/home/nontonst/public_html/assets/otakudesu-api/app.js:1:17)
    at Module._compile (node:internal/modules/cjs/loader:1275:14)
    at Module._extensions..js (node:internal/modules/cjs/loader:1329:10)
    at Module.load (node:internal/modules/cjs/loader:1133:32)
    at Module._load (node:internal/modules/cjs/loader:972:12)
    at Module.require (node:internal/modules/cjs/loader:1157:19) {
  code: 'MODULE_NOT_FOUND',
  requireStack: [
    '/home/nontonst/public_html/assets/otakudesu-api/app.js',
    '/usr/local/lsws/fcgi-bin/lsnode.js'
  ]
}

Node.js v19.9.0
node:internal/modules/cjs/loader:1093
  throw err;
  ^

Error: Cannot find module 'express'
Require stack:
- /home/nontonst/public_html/assets/otakudesu-api/app.js
- /usr/local/lsws/fcgi-bin/lsnode.js
    at Module._resolveFilename (node:internal/modules/cjs/loader:1090:15)
    at Module._load (node:internal/modules/cjs/loader:934:27)
    at Module.require (node:internal/modules/cjs/loader:1157:19)
    at require (node:internal/modules/helpers:119:18)
    at Object.<anonymous> (/home/nontonst/public_html/assets/otakudesu-api/app.js:1:17)
    at Module._compile (node:internal/modules/cjs/loader:1275:14)
    at Module._extensions..js (node:internal/modules/cjs/loader:1329:10)
    at Module.load (node:internal/modules/cjs/loader:1133:32)
    at Module._load (node:internal/modules/cjs/loader:972:12)
    at Module.require (node:internal/modules/cjs/loader:1157:19) {
  code: 'MODULE_NOT_FOUND',
  requireStack: [
    '/home/nontonst/public_html/assets/otakudesu-api/app.js',
    '/usr/local/lsws/fcgi-bin/lsnode.js'
  ]
}

Node.js v19.9.0
